[INFO][2015-08-20 16:24:45,113][org.apache.shiro.session.mgt.AbstractValidatingSessionManager]Enabling session validation scheduler...
[INFO][2015-08-20 16:25:04,372][org.apache.shiro.session.mgt.AbstractValidatingSessionManager]Enabling session validation scheduler...
[INFO][2015-08-20 16:25:16,793][org.apache.shiro.session.mgt.AbstractValidatingSessionManager]Enabling session validation scheduler...
[INFO][2015-08-20 16:25:39,992][org.apache.shiro.session.mgt.AbstractValidatingSessionManager]Enabling session validation scheduler...
[INFO][2015-08-20 16:49:30,230][org.apache.shiro.config.IniSecurityManagerFactory]Realms have been explicitly set on the SecurityManager instance - auto-setting of realms will not occur.
[INFO][2015-08-20 16:49:30,238][org.apache.shiro.session.mgt.AbstractValidatingSessionManager]Enabling session validation scheduler...
[INFO][2015-08-20 16:50:38,136][org.apache.shiro.config.IniSecurityManagerFactory]Realms have been explicitly set on the SecurityManager instance - auto-setting of realms will not occur.
[INFO][2015-08-20 16:52:24,496][org.apache.shiro.session.mgt.AbstractValidatingSessionManager]Enabling session validation scheduler...
[INFO][2015-08-20 16:55:57,945][org.apache.shiro.config.IniSecurityManagerFactory]Realms have been explicitly set on the SecurityManager instance - auto-setting of realms will not occur.
[INFO][2015-08-20 16:56:10,659][org.apache.shiro.session.mgt.AbstractValidatingSessionManager]Enabling session validation scheduler...
[INFO][2015-08-20 16:56:10,747][org.apache.shiro.config.IniSecurityManagerFactory]Realms have been explicitly set on the SecurityManager instance - auto-setting of realms will not occur.
[INFO][2015-08-20 16:56:15,623][org.apache.shiro.session.mgt.AbstractValidatingSessionManager]Enabling session validation scheduler...
[INFO][2015-08-20 16:56:33,824][org.apache.shiro.config.IniSecurityManagerFactory]Realms have been explicitly set on the SecurityManager instance - auto-setting of realms will not occur.
[INFO][2015-08-20 16:56:33,833][org.apache.shiro.session.mgt.AbstractValidatingSessionManager]Enabling session validation scheduler...
[INFO][2015-08-20 16:56:39,388][org.apache.shiro.config.IniSecurityManagerFactory]Realms have been explicitly set on the SecurityManager instance - auto-setting of realms will not occur.
[INFO][2015-08-20 16:56:56,371][org.apache.shiro.session.mgt.AbstractValidatingSessionManager]Enabling session validation scheduler...
[INFO][2015-08-20 16:57:38,134][org.apache.shiro.config.IniSecurityManagerFactory]Realms have been explicitly set on the SecurityManager instance - auto-setting of realms will not occur.
[INFO][2015-08-20 16:57:38,200][org.apache.shiro.config.IniSecurityManagerFactory]Realms have been explicitly set on the SecurityManager instance - auto-setting of realms will not occur.
[INFO][2015-08-20 16:57:38,209][org.apache.shiro.session.mgt.AbstractValidatingSessionManager]Enabling session validation scheduler...
[INFO][2015-08-20 16:57:38,301][org.apache.shiro.session.mgt.AbstractValidatingSessionManager]Enabling session validation scheduler...
[INFO][2015-08-20 16:58:01,315][org.apache.shiro.config.IniSecurityManagerFactory]Realms have been explicitly set on the SecurityManager instance - auto-setting of realms will not occur.
[INFO][2015-08-20 16:58:01,323][org.apache.shiro.session.mgt.AbstractValidatingSessionManager]Enabling session validation scheduler...
[INFO][2015-08-20 16:58:01,361][org.apache.shiro.config.IniSecurityManagerFactory]Realms have been explicitly set on the SecurityManager instance - auto-setting of realms will not occur.
[INFO][2015-08-20 16:58:01,361][org.apache.shiro.session.mgt.AbstractValidatingSessionManager]Enabling session validation scheduler...
[INFO][2015-08-20 16:58:01,371][org.apache.shiro.session.mgt.AbstractValidatingSessionManager]Enabling session validation scheduler...
[INFO][2015-08-20 16:58:53,854][org.apache.shiro.config.IniSecurityManagerFactory]Realms have been explicitly set on the SecurityManager instance - auto-setting of realms will not occur.
[INFO][2015-08-20 16:58:53,862][org.apache.shiro.session.mgt.AbstractValidatingSessionManager]Enabling session validation scheduler...
[INFO][2015-08-20 17:07:11,844][org.apache.shiro.realm.AuthorizingRealm]No cache or cacheManager properties have been set.  Authorization cache cannot be obtained.
[INFO][2015-08-20 17:07:11,844][org.apache.shiro.config.IniSecurityManagerFactory]Realms have been explicitly set on the SecurityManager instance - auto-setting of realms will not occur.
[ERROR][2015-08-20 17:07:11,919][com.alibaba.druid.pool.DruidDataSource]testWhileIdle is true, validationQuery not set
[INFO][2015-08-20 17:07:11,932][com.alibaba.druid.pool.DruidDataSource]{dataSource-1} inited
[INFO][2015-08-20 17:07:12,176][org.apache.shiro.session.mgt.AbstractValidatingSessionManager]Enabling session validation scheduler...
[INFO][2015-08-20 17:07:12,211][org.apache.shiro.realm.AuthorizingRealm]No cache or cacheManager properties have been set.  Authorization cache cannot be obtained.
[INFO][2015-08-20 17:07:29,047][org.apache.shiro.realm.AuthorizingRealm]No cache or cacheManager properties have been set.  Authorization cache cannot be obtained.
[INFO][2015-08-20 17:07:29,048][org.apache.shiro.config.IniSecurityManagerFactory]Realms have been explicitly set on the SecurityManager instance - auto-setting of realms will not occur.
[ERROR][2015-08-20 17:08:20,597][com.alibaba.druid.pool.DruidDataSource]testWhileIdle is true, validationQuery not set
[INFO][2015-08-20 17:08:20,634][com.alibaba.druid.pool.DruidDataSource]{dataSource-1} inited
[INFO][2015-08-20 17:08:20,945][org.apache.shiro.session.mgt.AbstractValidatingSessionManager]Enabling session validation scheduler...
[INFO][2015-08-20 17:08:26,835][org.apache.shiro.realm.AuthorizingRealm]No cache or cacheManager properties have been set.  Authorization cache cannot be obtained.
[INFO][2015-08-20 17:16:23,959][org.apache.shiro.config.IniSecurityManagerFactory]Realms have been explicitly set on the SecurityManager instance - auto-setting of realms will not occur.
[INFO][2015-08-20 17:16:23,968][org.apache.shiro.session.mgt.AbstractValidatingSessionManager]Enabling session validation scheduler...
[INFO][2015-08-20 17:19:34,825][org.apache.shiro.config.IniSecurityManagerFactory]Realms have been explicitly set on the SecurityManager instance - auto-setting of realms will not occur.
[INFO][2015-08-20 17:20:44,555][org.apache.shiro.config.IniSecurityManagerFactory]Realms have been explicitly set on the SecurityManager instance - auto-setting of realms will not occur.
[INFO][2015-08-20 17:20:51,669][org.apache.shiro.session.mgt.AbstractValidatingSessionManager]Enabling session validation scheduler...
[INFO][2015-08-20 17:21:01,706][org.apache.shiro.config.IniSecurityManagerFactory]Realms have been explicitly set on the SecurityManager instance - auto-setting of realms will not occur.
[INFO][2015-08-20 17:21:01,715][org.apache.shiro.session.mgt.AbstractValidatingSessionManager]Enabling session validation scheduler...
[INFO][2015-08-20 17:21:55,283][org.apache.shiro.config.IniSecurityManagerFactory]Realms have been explicitly set on the SecurityManager instance - auto-setting of realms will not occur.
[INFO][2015-08-20 17:22:46,523][org.apache.shiro.config.IniSecurityManagerFactory]Realms have been explicitly set on the SecurityManager instance - auto-setting of realms will not occur.
[INFO][2015-08-20 17:33:49,509][org.apache.shiro.config.IniSecurityManagerFactory]Realms have been explicitly set on the SecurityManager instance - auto-setting of realms will not occur.
[INFO][2015-08-20 17:34:13,213][org.apache.shiro.config.IniSecurityManagerFactory]Realms have been explicitly set on the SecurityManager instance - auto-setting of realms will not occur.
[INFO][2015-08-20 17:35:08,217][org.apache.shiro.config.IniSecurityManagerFactory]Realms have been explicitly set on the SecurityManager instance - auto-setting of realms will not occur.
[INFO][2015-08-20 17:35:16,432][org.apache.shiro.session.mgt.AbstractValidatingSessionManager]Enabling session validation scheduler...
[INFO][2015-08-20 17:46:23,141][org.apache.shiro.config.IniSecurityManagerFactory]Realms have been explicitly set on the SecurityManager instance - auto-setting of realms will not occur.
[INFO][2015-08-20 17:46:23,149][org.apache.shiro.session.mgt.AbstractValidatingSessionManager]Enabling session validation scheduler...
[INFO][2015-08-20 17:46:56,969][org.apache.shiro.config.IniSecurityManagerFactory]Realms have been explicitly set on the SecurityManager instance - auto-setting of realms will not occur.
[INFO][2015-08-20 17:46:56,978][org.apache.shiro.session.mgt.AbstractValidatingSessionManager]Enabling session validation scheduler...
[INFO][2015-08-20 17:47:00,519][org.apache.shiro.config.IniSecurityManagerFactory]Realms have been explicitly set on the SecurityManager instance - auto-setting of realms will not occur.
[INFO][2015-08-20 17:47:00,529][org.apache.shiro.session.mgt.AbstractValidatingSessionManager]Enabling session validation scheduler...
[INFO][2015-08-20 17:47:35,248][org.apache.shiro.config.IniSecurityManagerFactory]Realms have been explicitly set on the SecurityManager instance - auto-setting of realms will not occur.
[INFO][2015-08-20 17:47:35,258][org.apache.shiro.session.mgt.AbstractValidatingSessionManager]Enabling session validation scheduler...
[INFO][2015-08-20 18:47:35,315][org.apache.shiro.session.mgt.AbstractValidatingSessionManager]Validating all active sessions...
[INFO][2015-08-20 18:47:35,333][org.apache.shiro.session.mgt.AbstractValidatingSessionManager]Finished session validation.  [1] sessions were stopped.
[INFO][2015-08-20 19:01:49,371][org.apache.shiro.session.mgt.AbstractValidatingSessionManager]Enabling session validation scheduler...
[INFO][2015-08-20 19:03:09,136][org.apache.shiro.session.mgt.AbstractValidatingSessionManager]Enabling session validation scheduler...
[INFO][2015-08-20 19:09:04,862][org.apache.shiro.session.mgt.AbstractValidatingSessionManager]Enabling session validation scheduler...
